2025-12-15 18:25:12,255 - INFO -  Before Number of rows for Good class :111930
2025-12-15 18:25:12,271 - INFO -  Before Number of rows for Bad class :8070
2025-12-15 18:25:12,730 - INFO - After number of rows for Good class :111930
2025-12-15 18:25:12,761 - INFO - After number of rows for Bad class :111930
2025-12-15 18:25:12,761 - INFO - (223860, 12)
2025-12-15 18:25:12,761 - INFO - (223860,)
2025-12-15 18:25:12,793 - INFO - Before scaling :         age_yeo_trim  NumberOfOpenCreditLinesAndLoans_yeo_trim  NumberRealEstateLoansOrLines_yeo_trim  ...  Rented_OwnHouse_res  Occupation_res  Education_res
154728     15.488363                                  2.150302                               0.335005  ...             0.526039        0.000000            0.0
41302      19.109038                                  5.138950                               0.961669  ...             0.000000        0.000000            4.0
120300     15.798258                                  2.192400                               0.833991  ...             1.000000        2.734465            3.0
164627     10.565663                                  1.815028                               0.000000  ...             0.000000        2.000000            4.0
196865     16.154070                                  4.174047                               0.831582  ...             0.400485        4.000000            4.0
70768      23.483014                                  2.532317                               0.000000  ...             0.000000        4.000000            1.0
61212      18.440010                                  4.053074                               0.000000  ...             0.000000        2.000000            1.0
61284      11.356743                                  1.352471                               0.000000  ...             1.000000        0.000000            4.0
135997     15.452378                                  3.374770                               1.155533  ...             0.000000        4.000000            1.0
180000     19.892222                                  4.283244                               0.684825  ...             0.147711        0.000000            0.0

[10 rows x 12 columns]
2025-12-15 18:25:12,977 - INFO - After scaling : [[-0.78510152 -0.77418617 -1.1441428  ... -0.90804869  0.98633466
  -1.38373769]
 [ 0.44699016  0.69578713  0.35508292 ... -0.90804869  0.98633466
  -0.75330858]
 [-1.10231529 -0.26418059 -1.1441428  ...  1.20750493 -1.36504603
   1.13797875]
 ...
 [-1.24418373 -1.19484002 -1.1441428  ... -0.90804869  0.98633466
  -0.75330858]
 [ 0.27307954 -2.1782564  -1.1441428  ... -0.90804869  0.98633466
  -0.75330858]
 [-0.38888861  1.04714868  1.20357763 ... -0.75274664  0.98633466
   0.50754964]]
